[    0.000000] Linux version 4.15.0-96-generic (buildd@lgw01-amd64-004) (gcc version 7.5.0 (Ubuntu 7.5.0-3ubuntu1~18.04)) #97-Ubuntu SMP Wed Apr 1 03:25:46 UTC 2020 (Ubuntu 4.15.0-96.97-generic 4.15.18)
[    0.000000] Command line: BOOT_IMAGE=/boot/vmlinuz-4.15.0-96-generic root=LABEL=cloudimg-rootfs ro console=tty1 console=ttyS0
[    0.000000] KERNEL supported cpus:
[    0.000000]   Intel GenuineIntel
[    0.000000]   AMD AuthenticAMD
[    0.000000]   Centaur CentaurHauls
[    0.000000] x86/fpu: Supporting XSAVE feature 0x001: 'x87 floating point registers'
[    0.000000] x86/fpu: Supporting XSAVE feature 0x002: 'SSE registers'
[    0.000000] x86/fpu: Supporting XSAVE feature 0x004: 'AVX registers'
[    0.000000] x86/fpu: xstate_offset[2]:  576, xstate_sizes[2]:  256
[    0.000000] x86/fpu: Enabled xstate features 0x7, context size is 832 bytes, using 'standard' format.
[    0.000000] e820: BIOS-provided physical RAM map:
[    0.000000] BIOS-e820: [mem 0x0000000000000000-0x000000000009fbff] usable
[    0.000000] BIOS-e820: [mem 0x000000000009fc00-0x000000000009ffff] reserved
[    0.000000] BIOS-e820: [mem 0x00000000000f0000-0x00000000000fffff] reserved
[    0.000000] BIOS-e820: [mem 0x0000000000100000-0x000000001ffeffff] usable
[    0.000000] BIOS-e820: [mem 0x000000001fff0000-0x000000001fffffff] ACPI data
[    0.000000] BIOS-e820: [mem 0x00000000fec00000-0x00000000fec00fff] reserved
[    0.000000] BIOS-e820: [mem 0x00000000fee00000-0x00000000fee00fff] reserved
[    0.000000] BIOS-e820: [mem 0x00000000fffc0000-0x00000000ffffffff] reserved
[    0.000000] NX (Execute Disable) protection: active
[    0.000000] SMBIOS 2.5 present.
[    0.000000] DMI: innotek GmbH VirtualBox/VirtualBox, BIOS VirtualBox 12/01/2006
[    0.000000] Hypervisor detected: KVM
[    0.000000] e820: last_pfn = 0x1fff0 max_arch_pfn = 0x400000000
[    0.000000] MTRR: Disabled
[    0.000000] x86/PAT: MTRRs disabled, skipping PAT initialization too.
[    0.000000] CPU MTRRs all blank - virtualized system.
[    0.000000] x86/PAT: Configuration [0-7]: WB  WT  UC- UC  WB  WT  UC- UC  
[    0.000000] found SMP MP-table at [mem 0x0009fff0-0x0009ffff]
[    0.000000] Scanning 1 areas for low memory corruption
[    0.000000] RAMDISK: [mem 0x1dc33000-0x1eef4fff]
[    0.000000] ACPI: Early table checksum verification disabled
[    0.000000] ACPI: RSDP 0x00000000000E0000 000024 (v02 VBOX  )
[    0.000000] ACPI: XSDT 0x000000001FFF0030 00003C (v01 VBOX   VBOXXSDT 00000001 ASL  00000061)
[    0.000000] ACPI: FACP 0x000000001FFF00F0 0000F4 (v04 VBOX   VBOXFACP 00000001 ASL  00000061)
[    0.000000] ACPI: DSDT 0x000000001FFF0470 002325 (v02 VBOX   VBOXBIOS 00000002 INTL 20180105)
[    0.000000] ACPI: FACS 0x000000001FFF0200 000040
[    0.000000] ACPI: FACS 0x000000001FFF0200 000040
[    0.000000] ACPI: APIC 0x000000001FFF0240 00005C (v02 VBOX   VBOXAPIC 00000001 ASL  00000061)
[    0.000000] ACPI: SSDT 0x000000001FFF02A0 0001CC (v01 VBOX   VBOXCPUT 00000002 INTL 20180105)
[    0.000000] No NUMA configuration found
[    0.000000] Faking a node at [mem 0x0000000000000000-0x000000001ffeffff]
[    0.000000] NODE_DATA(0) allocated [mem 0x1ffc5000-0x1ffeffff]
[    0.000000] kvm-clock: cpu 0, msr 0:1ff44001, primary cpu clock
[    0.000000] kvm-clock: Using msrs 4b564d01 and 4b564d00
[    0.000000] kvm-clock: using sched offset of 5393970974 cycles
[    0.000000] clocksource: kvm-clock: mask: 0xffffffffffffffff max_cycles: 0x1cd42e4dffb, max_idle_ns: 881590591483 ns
[    0.000000] Zone ranges:
[    0.000000]   DMA      [mem 0x0000000000001000-0x0000000000ffffff]
[    0.000000]   DMA32    [mem 0x0000000001000000-0x000000001ffeffff]
[    0.000000]   Normal   empty
[    0.000000]   Device   empty
[    0.000000] Movable zone start for each node
[    0.000000] Early memory node ranges
[    0.000000]   node   0: [mem 0x0000000000001000-0x000000000009efff]
[    0.000000]   node   0: [mem 0x0000000000100000-0x000000001ffeffff]
[    0.000000] Reserved but unavailable: 98 pages
[    0.000000] Initmem setup node 0 [mem 0x0000000000001000-0x000000001ffeffff]
[    0.000000] ACPI: PM-Timer IO Port: 0x4008
[    0.000000] IOAPIC[0]: apic_id 2, version 32, address 0xfec00000, GSI 0-23
[    0.000000] ACPI: INT_SRC_OVR (bus 0 bus_irq 0 global_irq 2 dfl dfl)
[    0.000000] ACPI: INT_SRC_OVR (bus 0 bus_irq 9 global_irq 9 low level)
[    0.000000] Using ACPI (MADT) for SMP configuration information
[    0.000000] smpboot: Allowing 2 CPUs, 0 hotplug CPUs
[    0.000000] PM: Registered nosave memory: [mem 0x00000000-0x00000fff]
[    0.000000] PM: Registered nosave memory: [mem 0x0009f000-0x0009ffff]
[    0.000000] PM: Registered nosave memory: [mem 0x000a0000-0x000effff]
[    0.000000] PM: Registered nosave memory: [mem 0x000f0000-0x000fffff]
[    0.000000] e820: [mem 0x20000000-0xfebfffff] available for PCI devices
[    0.000000] Booting paravirtualized kernel on KVM
[    0.000000] clocksource: refined-jiffies: mask: 0xffffffff max_cycles: 0xffffffff, max_idle_ns: 7645519600211568 ns
[    0.000000] random: get_random_bytes called from start_kernel+0x99/0x4fd with crng_init=0
[    0.000000] setup_percpu: NR_CPUS:8192 nr_cpumask_bits:2 nr_cpu_ids:2 nr_node_ids:1
[    0.000000] percpu: Embedded 45 pages/cpu s147456 r8192 d28672 u1048576
[    0.000000] PV qspinlock hash table entries: 256 (order: 0, 4096 bytes)
[    0.000000] Built 1 zonelists, mobility grouping on.  Total pages: 128889
[    0.000000] Policy zone: DMA32
[    0.000000] Kernel command line: BOOT_IMAGE=/boot/vmlinuz-4.15.0-96-generic root=LABEL=cloudimg-rootfs ro console=tty1 console=ttyS0
[    0.000000] Memory: 466964K/523832K available (12300K kernel code, 2481K rwdata, 4264K rodata, 2432K init, 2712K bss, 56868K reserved, 0K cma-reserved)
[    0.000000] SLUB: HWalign=64, Order=0-3, MinObjects=0, CPUs=2, Nodes=1
[    0.000000] Kernel/User page tables isolation: enabled
[    0.000000] ftrace: allocating 39351 entries in 154 pages
[    0.004000] Hierarchical RCU implementation.
[    0.004000] 	RCU restricting CPUs from NR_CPUS=8192 to nr_cpu_ids=2.
[    0.004000] 	Tasks RCU enabled.
[    0.004000] RCU: Adjusting geometry for rcu_fanout_leaf=16, nr_cpu_ids=2
[    0.004000] NR_IRQS: 524544, nr_irqs: 440, preallocated irqs: 16
[    0.004000] Console: colour VGA+ 80x25
[    0.004000] console [tty1] enabled
[    0.004000] console [ttyS0] enabled
[    0.004000] ACPI: Core revision 20170831
[    0.004000] ACPI: 2 ACPI AML tables successfully acquired and loaded
[    0.004000] APIC: Switch to symmetric I/O mode setup
[    0.004000] x2apic enabled
[    0.004000] Switched APIC routing to physical x2apic.
[    0.004000] ..TIMER: vector=0x30 apic1=0 pin1=2 apic2=-1 pin2=-1
[    0.004005] tsc: Detected 3599.998 MHz processor
[    0.004680] Calibrating delay loop (skipped) preset value.. 7199.99 BogoMIPS (lpj=14399992)
[    0.005145] pid_max: default: 32768 minimum: 301
[    0.005770] Security Framework initialized
[    0.006327] Yama: becoming mindful.
[    0.008071] AppArmor: AppArmor initialized
[    0.008955] Dentry cache hash table entries: 65536 (order: 7, 524288 bytes)
[    0.012078] Inode-cache hash table entries: 32768 (order: 6, 262144 bytes)
[    0.016026] Mount-cache hash table entries: 1024 (order: 1, 8192 bytes)
[    0.017119] Mountpoint-cache hash table entries: 1024 (order: 1, 8192 bytes)
[    0.019119] Last level iTLB entries: 4KB 128, 2MB 8, 4MB 8
[    0.020003] Last level dTLB entries: 4KB 64, 2MB 0, 4MB 0, 1GB 4
[    0.020724] Spectre V1 : Mitigation: usercopy/swapgs barriers and __user pointer sanitization
[    0.021728] Spectre V2 : Mitigation: Full generic retpoline
[    0.022422] Spectre V2 : Spectre v2 / SpectreRSB mitigation: Filling RSB on context switch
[    0.023446] Speculative Store Bypass: Vulnerable
[    0.024040] MDS: Mitigation: Clear CPU buffers
[    0.024716] Freeing SMP alternatives memory: 36K
[    0.135516] smpboot: CPU0: Intel(R) Core(TM) i3-8100 CPU @ 3.60GHz (family: 0x6, model: 0x9e, stepping: 0xb)
[    0.136000] Performance Events: unsupported p6 CPU model 158 no PMU driver, software events only.
[    0.136000] Hierarchical SRCU implementation.
[    0.136498] NMI watchdog: Perf event create on CPU 0 failed with -2
[    0.137273] NMI watchdog: Perf NMI watchdog permanently disabled
[    0.140071] smp: Bringing up secondary CPUs ...
[    0.140739] x86: Booting SMP configuration:
[    0.141306] .... node  #0, CPUs:      #1
[    0.004000] kvm-clock: cpu 1, msr 0:1ff44041, secondary cpu clock
[    0.144026] smp: Brought up 1 node, 2 CPUs
[    0.145078] smpboot: Max logical packages: 1
[    0.146251] smpboot: Total of 2 processors activated (14399.99 BogoMIPS)
[    0.148053] devtmpfs: initialized
[    0.148523] x86/mm: Memory block size: 128MB
[    0.149236] evm: security.selinux
[    0.149664] evm: security.SMACK64
[    0.150123] evm: security.SMACK64EXEC
[    0.150608] evm: security.SMACK64TRANSMUTE
[    0.151121] evm: security.SMACK64MMAP
[    0.151586] evm: security.apparmor
[    0.152004] evm: security.ima
[    0.152405] evm: security.capability
[    0.152889] clocksource: jiffies: mask: 0xffffffff max_cycles: 0xffffffff, max_idle_ns: 7645041785100000 ns
[    0.153242] futex hash table entries: 512 (order: 3, 32768 bytes)
[    0.154042] pinctrl core: initialized pinctrl subsystem
[    0.156099] RTC time:  7:17:42, date: 05/26/20
[    0.156875] NET: Registered protocol family 16
[    0.157611] audit: initializing netlink subsys (disabled)
[    0.158416] audit: type=2000 audit(1590477469.848:1): state=initialized audit_enabled=0 res=1
[    0.158416] cpuidle: using governor ladder
[    0.160032] cpuidle: using governor menu
[    0.160542] ACPI: bus type PCI registered
[    0.161039] acpiphp: ACPI Hot Plug PCI Controller Driver version: 0.5
[    0.161872] PCI: Using configuration type 1 for base access
[    0.164231] HugeTLB registered 2.00 MiB page size, pre-allocated 0 pages
[    0.164915] ACPI: Added _OSI(Module Device)
[    0.164915] ACPI: Added _OSI(Processor Device)
[    0.165262] ACPI: Added _OSI(3.0 _SCP Extensions)
[    0.165894] ACPI: Added _OSI(Processor Aggregator Device)
[    0.168004] ACPI: Added _OSI(Linux-Dell-Video)
[    0.168579] ACPI: Added _OSI(Linux-Lenovo-NV-HDMI-Audio)
[    0.169232] ACPI: Added _OSI(Linux-HPI-Hybrid-Graphics)
[    0.170055] ACPI: Executed 1 blocks of module-level executable AML code
[    0.173598] ACPI: Interpreter enabled
[    0.174185] ACPI: (supports S0 S5)
[    0.174726] ACPI: Using IOAPIC for interrupt routing
[    0.175618] PCI: Using host bridge windows from ACPI; if necessary, use "pci=nocrs" and report a bug
[    0.176152] ACPI: Enabled 2 GPEs in block 00 to 07
[    0.182690] ACPI: PCI Root Bridge [PCI0] (domain 0000 [bus 00-ff])
[    0.183486] acpi PNP0A03:00: _OSC: OS supports [ASPM ClockPM Segments MSI]
[    0.184370] acpi PNP0A03:00: _OSC: not requesting OS control; OS requires [ExtendedConfig ASPM ClockPM MSI]
[    0.188026] acpi PNP0A03:00: fail to add MMCONFIG information, can't access extended PCI configuration space under this bridge.
[    0.190560] PCI host bridge to bus 0000:00
[    0.191147] pci_bus 0000:00: root bus resource [io  0x0000-0x0cf7 window]
[    0.192021] pci_bus 0000:00: root bus resource [io  0x0d00-0xffff window]
[    0.192959] pci_bus 0000:00: root bus resource [mem 0x000a0000-0x000bffff window]
[    0.193872] pci_bus 0000:00: root bus resource [mem 0x20000000-0xfdffffff window]
[    0.194775] pci_bus 0000:00: root bus resource [bus 00-ff]
[    0.197334] pci 0000:00:01.1: legacy IDE quirk: reg 0x10: [io  0x01f0-0x01f7]
[    0.198147] pci 0000:00:01.1: legacy IDE quirk: reg 0x14: [io  0x03f6]
[    0.198955] pci 0000:00:01.1: legacy IDE quirk: reg 0x18: [io  0x0170-0x0177]
[    0.199771] pci 0000:00:01.1: legacy IDE quirk: reg 0x1c: [io  0x0376]
[    0.211545] pci 0000:00:07.0: quirk: [io  0x4000-0x403f] claimed by PIIX4 ACPI
[    0.212017] pci 0000:00:07.0: quirk: [io  0x4100-0x410f] claimed by PIIX4 SMB
[    0.220011] ACPI: PCI Interrupt Link [LNKA] (IRQs 5 9 10 *11)
[    0.220977] ACPI: PCI Interrupt Link [LNKB] (IRQs 5 9 *10 11)
[    0.222439] ACPI: PCI Interrupt Link [LNKC] (IRQs 5 *9 10 11)
[    0.223413] ACPI: PCI Interrupt Link [LNKD] (IRQs 5 9 10 *11)
[    0.224344] SCSI subsystem initialized
[    0.224890] pci 0000:00:02.0: vgaarb: setting as boot VGA device
[    0.224890] pci 0000:00:02.0: vgaarb: VGA device added: decodes=io+mem,owns=io+mem,locks=none
[    0.226062] pci 0000:00:02.0: vgaarb: bridge control possible
[    0.226763] vgaarb: loaded
[    0.228050] ACPI: bus type USB registered
[    0.228567] usbcore: registered new interface driver usbfs
[    0.229236] usbcore: registered new interface driver hub
[    0.229894] usbcore: registered new device driver usb
[    0.230725] EDAC MC: Ver: 3.0.0
[    0.230725] PCI: Using ACPI for IRQ routing
[    0.232220] NetLabel: Initializing
[    0.232838] NetLabel:  domain hash size = 128
[    0.233381] NetLabel:  protocols = UNLABELED CIPSOv4 CALIPSO
[    0.234353] NetLabel:  unlabeled traffic allowed by default
[    0.236092] clocksource: Switched to clocksource kvm-clock
[    0.247913] VFS: Disk quotas dquot_6.6.0
[    0.248587] VFS: Dquot-cache hash table entries: 512 (order 0, 4096 bytes)
[    0.249617] AppArmor: AppArmor Filesystem Enabled
[    0.250280] pnp: PnP ACPI init
[    0.251489] pnp: PnP ACPI: found 3 devices
[    0.261080] clocksource: acpi_pm: mask: 0xffffff max_cycles: 0xffffff, max_idle_ns: 2085701024 ns
[    0.262245] NET: Registered protocol family 2
[    0.263032] TCP established hash table entries: 4096 (order: 3, 32768 bytes)
[    0.263847] TCP bind hash table entries: 4096 (order: 4, 65536 bytes)
[    0.264667] TCP: Hash tables configured (established 4096 bind 4096)
[    0.265498] UDP hash table entries: 256 (order: 1, 8192 bytes)
[    0.266217] UDP-Lite hash table entries: 256 (order: 1, 8192 bytes)
[    0.267035] NET: Registered protocol family 1
[    0.267602] pci 0000:00:00.0: Limiting direct PCI/PCI transfers
[    0.268349] pci 0000:00:01.0: Activating ISA DMA hang workarounds
[    0.269104] pci 0000:00:02.0: Video device with shadowed ROM at [mem 0x000c0000-0x000dffff]
[    0.270180] Unpacking initramfs...
[    0.516696] Freeing initrd memory: 19208K
[    0.517359] clocksource: tsc: mask: 0xffffffffffffffff max_cycles: 0x33e451ab1a6, max_idle_ns: 440795278720 ns
[    0.518619] platform rtc_cmos: registered platform RTC device (no PNP device found)
[    0.519705] Scanning for low memory corruption every 60 seconds
[    0.521230] Initialise system trusted keyrings
[    0.521786] Key type blacklist registered
[    0.522338] workingset: timestamp_bits=36 max_order=17 bucket_order=0
[    0.523917] zbud: loaded
[    0.524911] squashfs: version 4.0 (2009/01/31) Phillip Lougher
[    0.534241] fuse init (API version 7.26)
[    0.541782] Key type asymmetric registered
[    0.542449] Asymmetric key parser 'x509' registered
[    0.543111] Block layer SCSI generic (bsg) driver version 0.4 loaded (major 246)
[    0.545975] io scheduler noop registered
[    0.550626] io scheduler deadline registered
[    0.551344] io scheduler cfq registered (default)
[    0.552359] ACPI: AC Adapter [AC] (on-line)
[    0.552964] input: Power Button as /devices/LNXSYSTM:00/LNXPWRBN:00/input/input0
[    0.554008] ACPI: Power Button [PWRF]
[    0.554567] input: Sleep Button as /devices/LNXSYSTM:00/LNXSLPBN:00/input/input1
[    0.555456] ACPI: Sleep Button [SLPF]
[    0.556238] Serial: 8250/16550 driver, 32 ports, IRQ sharing enabled
[    0.578030] 00:02: ttyS0 at I/O 0x3f8 (irq = 4, base_baud = 115200) is a 16550A
[    0.580834] Linux agpgart interface v0.103
[    0.582616] loop: module loaded
[    0.583432] scsi host0: ata_piix
[    0.584082] scsi host1: ata_piix
[    0.584597] ata1: PATA max UDMA/33 cmd 0x1f0 ctl 0x3f6 bmdma 0xd000 irq 14
[    0.585382] ata2: PATA max UDMA/33 cmd 0x170 ctl 0x376 bmdma 0xd008 irq 15
[    0.586375] libphy: Fixed MDIO Bus: probed
[    0.586925] tun: Universal TUN/TAP device driver, 1.6
[    0.587626] PPP generic driver version 2.4.2
[    0.588261] ehci_hcd: USB 2.0 'Enhanced' Host Controller (EHCI) Driver
[    0.589056] ehci-pci: EHCI PCI platform driver
[    0.589645] ehci-platform: EHCI generic platform driver
[    0.590265] ohci_hcd: USB 1.1 'Open' Host Controller (OHCI) Driver
[    0.590988] ohci-pci: OHCI PCI platform driver
[    0.591541] ohci-platform: OHCI generic platform driver
[    0.592358] uhci_hcd: USB Universal Host Controller Interface driver
[    0.593185] i8042: PNP: PS/2 Controller [PNP0303:PS2K,PNP0f03:PS2M] at 0x60,0x64 irq 1,12
[    0.594529] serio: i8042 KBD port at 0x60,0x64 irq 1
[    0.595981] serio: i8042 AUX port at 0x60,0x64 irq 12
[    0.597669] mousedev: PS/2 mouse device common for all mice
[    0.599166] input: AT Translated Set 2 keyboard as /devices/platform/i8042/serio0/input/input2
[    0.600090] rtc_cmos rtc_cmos: rtc core: registered rtc_cmos as rtc0
[    0.601008] rtc_cmos rtc_cmos: alarms up to one day, 114 bytes nvram
[    0.601873] i2c /dev entries driver
[    0.602363] device-mapper: uevent: version 1.0.3
[    0.603115] device-mapper: ioctl: 4.37.0-ioctl (2017-09-20) initialised: dm-devel@redhat.com
[    0.604199] ledtrig-cpu: registered to indicate activity on CPUs
[    0.605230] NET: Registered protocol family 10
[    0.608698] Segment Routing with IPv6
[    0.609192] NET: Registered protocol family 17
[    0.609792] Key type dns_resolver registered
[    0.610437] mce: Using 0 MCE banks
[    0.610903] RAS: Correctable Errors collector initialized.
[    0.611562] sched_clock: Marking stable (610382313, 0)->(726694409, -116312096)
[    0.612743] registered taskstats version 1
[    0.613307] Loading compiled-in X.509 certificates
[    0.615573] Loaded X.509 cert 'Build time autogenerated kernel key: 244b473b43e18b01f00e37a87f2ecd28620f0244'
[    0.617095] zswap: loaded using pool lzo/zbud
[    0.624498] Key type big_key registered
[    0.625040] Key type trusted registered
[    0.626892] Key type encrypted registered
[    0.628505] AppArmor: AppArmor sha1 policy hashing enabled
[    0.630227] ima: No TPM chip found, activating TPM-bypass! (rc=-19)
[    0.631140] ima: Allocated hash algorithm: sha1
[    0.631704] evm: HMAC attrs: 0x1
[    0.632331]   Magic number: 4:408:269
[    0.632952] rtc_cmos rtc_cmos: setting system clock to 2020-05-26 07:17:43 UTC (1590477463)
[    0.634142] BIOS EDD facility v0.16 2004-Jun-25, 0 devices found
[    0.634859] EDD information not available.
[    0.787282] Freeing unused kernel image memory: 2432K
[    0.800184] Write protecting the kernel read-only data: 20480k
[    0.805823] Freeing unused kernel image memory: 2008K
[    0.810091] Freeing unused kernel image memory: 1880K
[    0.830084] x86/mm: Checked W+X mappings: passed, no W+X pages found.
[    0.831517] x86/mm: Checking user space page tables
[    0.840984] x86/mm: Checked W+X mappings: passed, no W+X pages found.
Loading, please wait...
starting version 237
[    0.891668] e1000: Intel(R) PRO/1000 Network Driver - version 7.3.21-k8-NAPI
[    0.892572] e1000: Copyright (c) 1999-2006 Intel Corporation.
[    0.899441] Fusion MPT base driver 3.04.20
[    0.900018] Copyright (c) 1999-2008 LSI Corporation
[    0.907249] Fusion MPT SPI Host driver 3.04.20
[    0.910067] AVX2 version of gcm_enc/dec engaged.
[    0.910727] AES CTR mode by8 optimization enabled
[    1.128152] input: ImExPS/2 Generic Explorer Mouse as /devices/platform/i8042/serio1/input/input4
[    1.470709] e1000 0000:00:03.0 eth0: (PCI:33MHz:32-bit) 02:43:0e:00:05:fc
[    1.471974] e1000 0000:00:03.0 eth0: Intel(R) PRO/1000 Network Connection
[    1.853002] e1000 0000:00:08.0 eth1: (PCI:33MHz:32-bit) 08:00:27:6b:d1:db
[    1.853844] e1000 0000:00:08.0 eth1: Intel(R) PRO/1000 Network Connection
[    1.855848] mptbase: ioc0: Initiating bringup
[    1.855974] e1000 0000:00:08.0 enp0s8: renamed from eth1
[    1.885809] e1000 0000:00:03.0 enp0s3: renamed from eth0
[    1.964445] ioc0: LSI53C1030 A0: Capabilities={Initiator}
[    2.216618] scsi host2: ioc0: LSI53C1030 A0, FwRev=00000000h, Ports=1, MaxQ=256, IRQ=20
[    2.389108] scsi 2:0:0:0: Direct-Access     VBOX     HARDDISK         1.0  PQ: 0 ANSI: 5
[    2.534588] scsi target2:0:0: Beginning Domain Validation
[    2.540299] scsi target2:0:0: Domain Validation skipping write tests
[    2.543699] scsi target2:0:0: Ending Domain Validation
[    2.546592] scsi target2:0:0: asynchronous
[    2.550495] scsi 2:0:1:0: Direct-Access     VBOX     HARDDISK         1.0  PQ: 0 ANSI: 5
[    3.273325] scsi target2:0:1: Beginning Domain Validation
[    3.279577] random: fast init done
[    3.281837] scsi target2:0:1: Domain Validation skipping write tests
[    3.287116] scsi target2:0:1: Ending Domain Validation
[    3.290655] scsi target2:0:1: asynchronous
[    3.313504] random: systemd-udevd: uninitialized urandom read (16 bytes read)
[    3.315052] random: systemd-udevd: uninitialized urandom read (16 bytes read)
[    3.316613] random: systemd-udevd: uninitialized urandom read (16 bytes read)
[    3.325652] sd 2:0:0:0: [sda] 20971520 512-byte logical blocks: (10.7 GB/10.0 GiB)
[    3.327622] sd 2:0:0:0: [sda] Write Protect is off
[    3.329008] sd 2:0:0:0: [sda] Incomplete mode parameter data
[    3.330600] sd 2:0:0:0: [sda] Assuming drive cache: write through
[    3.338518] sd 2:0:0:0: Attached scsi generic sg0 type 0
[    3.345573] sd 2:0:1:0: Attached scsi generic sg1 type 0
[    3.347606] sd 2:0:1:0: [sdb] 20480 512-byte logical blocks: (10.5 MB/10.0 MiB)
[    3.349385] sd 2:0:1:0: [sdb] Write Protect is off
[    3.350582] sd 2:0:1:0: [sdb] Incomplete mode parameter data
[    3.352725] sd 2:0:1:0: [sdb] Assuming drive cache: write through
[    3.354849]  sda: sda1
[    3.356201] sd 2:0:0:0: [sda] Attached SCSI disk
[    3.394088] sd 2:0:1:0: [sdb] Attached SCSI disk
Begin: Loading essential drivers ... [    4.895319] raid6: sse2x1   gen() 16397 MB/s
[    4.940138] raid6: sse2x1   xor()  8994 MB/s
[    4.992298] raid6: sse2x2   gen() 17101 MB/s
[    5.048052] raid6: sse2x2   xor() 12405 MB/s
[    5.096175] raid6: sse2x4   gen() 16960 MB/s
[    5.144615] raid6: sse2x4   xor()  8941 MB/s
[    5.196171] raid6: avx2x1   gen() 25502 MB/s
[    5.246447] raid6: avx2x1   xor() 17571 MB/s
[    5.295801] raid6: avx2x2   gen() 27449 MB/s
[    5.347980] raid6: avx2x2   xor() 20345 MB/s
[    5.407794] raid6: avx2x4   gen() 40331 MB/s
[    5.456368] raid6: avx2x4   xor() 19184 MB/s
[    5.457375] raid6: using algorithm avx2x4 gen() 40331 MB/s
[    5.460085] raid6: .... xor() 19184 MB/s, rmw enabled
[    5.460797] raid6: using avx2x2 recovery algorithm
[    5.463179] xor: automatically using best checksumming function   avx       
[    5.468402] async_tx: api initialized (async)
done.
Begin: Running /scripts/init-premount ... done.
Begin: Mounting root file system ... Begin: Running /scripts/local-top ... done.
Begin: Running /scripts/local-premount ... [    5.505325] Btrfs loaded, crc32c=crc32c-intel
Scanning for Btrfs filesystems
done.
Warning: fsck not present, so skipping root file system
[    5.549412] EXT4-fs (sda1): mounted filesystem with ordered data mode. Opts: (null)
done.
Begin: Running /scripts/local-bottom ... done.
Begin: Running /scripts/init-bottom ... done.
[    6.508298] ip_tables: (C) 2000-2006 Netfilter Core Team
[    6.564901] systemd[1]: systemd 237 running in system mode. (+PAM +AUDIT +SELINUX +IMA +APPARMOR +SMACK +SYSVINIT +UTMP +LIBCRYPTSETUP +GCRYPT +GNUTLS +ACL +XZ +LZ4 +SECCOMP +BLKID +ELFUTILS +KMOD -IDN2 +IDN -PCRE2 default-hierarchy=hybrid)
[    6.568833] systemd[1]: Detected virtualization oracle.
[    6.569823] systemd[1]: Detected architecture x86-64.

Welcome to [1mUbuntu 18.04.4 LTS[0m!

[    6.591762] systemd[1]: Set hostname to <ubuntu>.
[    6.602394] systemd[1]: Initializing machine ID from random generator.
[    6.603636] systemd[1]: Installed transient /etc/machine-id file.
[    7.503891] random: crng init done
[    7.506030] random: 7 urandom warning(s) missed due to ratelimiting
[    7.697439] systemd[1]: Started Forward Password Requests to Wall Directory Watch.
[[0;32m  OK  [0m] Started Forward Password Requests to Wall Directory Watch.
[    7.700105] systemd[1]: Set up automount Arbitrary Executable File Formats File System Automount Point.
[[0;32m  OK  [0m] Set up automount Arbitrary Executab…rmats File System Automount Point.
[    7.705933] systemd[1]: Created slice User and Session Slice.
[[0;32m  OK  [0m] Created slice User and Session Slice.
[    7.708769] systemd[1]: Reached target User and Group Name Lookups.
[[0;32m  OK  [0m] Reached target User and Group Name Lookups.
[[0;32m  OK  [0m] Reached target System Time Synchronized.
[[0;32m  OK  [0m] Created slice System Slice.
[[0;32m  OK  [0m] Listening on LVM2 poll daemon socket.
[[0;32m  OK  [0m] Listening on udev Kernel Socket.
[[0;32m  OK  [0m] Listening on Device-mapper event daemon FIFOs.
[[0;32m  OK  [0m] Listening on Journal Socket.
         Starting Set the console keyboard layout...
         Mounting POSIX Message Queue File System...
         Starting Create list of required st…ce nodes for the current kernel...
         Starting Remount Root and Kernel File Systems...
[[0;32m  OK  [0m] Listening on Network Service Netlink Socket.
[[0;32m  OK  [0m] Created slice system-serial\x2dgetty.slice.
[[0;32m  OK  [0m] Listening on Journal Socket (/dev/log).
         Mounting Kernel Debug File System...
         Starting Uncomplicated firewall...
[[0;32m  OK  [0m] Listening on Syslog Socket.
[[0;32m  OK  [0m] Listening on Journal Audit Socket.
         Starting Journal Service...
[[0;32m  OK  [0m] Listening on /dev/initctl Compatibility Named Pipe.
[    8.145886] EXT4-fs (sda1): re-mounted. Opts: (null)
         Mounting Huge Pages File System...
[[0;32m  OK  [0m] Reached target Swap.
[[0;32m  OK  [0m] Reached target Slices.
[[0;32m  OK  [0m] Listening on udev Control Socket.
         Starting udev Coldplug all Devices...
         Starting Load Kernel Modules...
[[0;32m  OK  [0m] Listening on LVM2 metadata daemon socket.
         Starting Monitoring of LVM2 mirrors…ng dmeventd or progress polling...
[[0;32m  OK  [0m] Started Journal Service.
[[0;32m  OK  [0m] Mounted POSIX Message Queue File System.
[[0;32m  OK  [0m] Started Create list of required sta…vice nodes for the current kernel.
[[0;32m  OK  [0m] Started Remount Root and Kernel File Systems.
[[0;32m  OK  [0m] Mounted Kernel Debug File System.
[[0;32m  OK  [0m] Started Uncomplicated firewall.
[[0;32m  OK  [0m] Mounted Huge Pages File System.
         Starting Load/Save Random Seed...
[    8.313564] Loading iSCSI transport class v2.0-870.
         Starting Create Static Device Nodes in /dev...
         Starting Flush Journal to Persistent Storage...
[    8.393939] iscsi: registered transport (tcp)
[[0;32m  OK  [0m] Started Set the console keyboard layout.
[[0;32m  OK  [0m] Started udev Coldplug all Devices.
[    8.844172] systemd-journald[398]: Received request to flush runtime journal from PID 1
[[0;32m  OK  [0m] Started Load/Save Random Seed.
[[0;32m  OK  [0m] Started LVM2 metadata daemon.
[    8.942131] iscsi: registered transport (iser)
[[0;32m  OK  [0m] Started Load Kernel Modules.
         Mounting Kernel Configuration File System...
         Starting Apply Kernel Variables...
         Mounting FUSE Control File System...
[[0;32m  OK  [0m] Mounted Kernel Configuration File System.
[[0;32m  OK  [0m] Mounted FUSE Control File System.
[[0;32m  OK  [0m] Started Flush Journal to Persistent Storage.
[[0;32m  OK  [0m] Started Monitoring of LVM2 mirrors,…sing dmeventd or progress polling.
[[0;32m  OK  [0m] Started Apply Kernel Variables.
[[0;32m  OK  [0m] Started Create Static Device Nodes in /dev.
         Starting udev Kernel Device Manager...
[[0;32m  OK  [0m] Reached target Local File Systems (Pre).
[[0;32m  OK  [0m] Reached target Local File Systems.
         Starting Tell Plymouth To Write Out Runtime Data...
         Starting Create Volatile Files and Directories...
         Starting AppArmor initialization...
         Starting Commit a transient machine-id on disk...
         Starting ebtables ruleset management...
         Starting Set console font and keymap...
[[0;32m  OK  [0m] Started Tell Plymouth To Write Out Runtime Data.
[[0;32m  OK  [0m] Started Create Volatile Files and Directories.
         Starting Update UTMP about System Boot/Shutdown...
[[0;32m  OK  [0m] Started Set console font and keymap.
[[0;32m  OK  [0m] Started Update UTMP about System Boot/Shutdown.
[[0;32m  OK  [0m] Started Commit a transient machine-id on disk.
[[0;32m  OK  [0m] Started udev Kernel Device Manager.
[[0;32m  OK  [0m] Started Dispatch Password Requests to Console Directory Watch.
[[0;32m  OK  [0m] Reached target Local Encrypted Volumes.
[[0;32m  OK  [0m] Started ebtables ruleset management.
[[0;32m  OK  [0m] Found device /dev/ttyS0.
[[0;32m  OK  [0m] Listening on Load/Save RF Kill Switch Status /dev/rfkill Watch.
[[0;32m  OK  [0m] Started AppArmor initialization.
         Starting Initial cloud-init job (pre-networking)...
[   20.646945] cloud-init[523]: Cloud-init v. 19.4-33-gbb4131a2-0ubuntu1~18.04.1 running 'init-local' at Tue, 26 May 2020 07:18:02 +0000. Up 19.70 seconds.
[[0;32m  OK  [0m] Started Initial cloud-init job (pre-networking).
[[0;32m  OK  [0m] Reached target Network (Pre).
         Starting Network Service...
[[0;32m  OK  [0m] Started Network Service.
         Starting Network Name Resolution...
         Starting Wait for Network to be Configured...
[[0;32m  OK  [0m] Started Network Name Resolution.
[[0;32m  OK  [0m] Reached target Network.
[[0;32m  OK  [0m] Reached target Host and Network Name Lookups.
[[0;32m  OK  [0m] Started Wait for Network to be Configured.
         Starting Initial cloud-init job (metadata service crawler)...
[   23.443527] cloud-init[661]: Cloud-init v. 19.4-33-gbb4131a2-0ubuntu1~18.04.1 running 'init' at Tue, 26 May 2020 07:18:06 +0000. Up 23.32 seconds.
[   23.444653] cloud-init[661]: ci-info: +++++++++++++++++++++++++++++++++++++Net device info++++++++++++++++++++++++++++++++++++++
[   23.445485] cloud-init[661]: ci-info: +--------+-------+--------------------------+---------------+--------+-------------------+
[   23.446347] cloud-init[661]: ci-info: | Device |   Up  |         Address          |      Mask     | Scope  |     Hw-Address    |
[   23.447373] cloud-init[661]: ci-info: +--------+-------+--------------------------+---------------+--------+-------------------+
[   23.448253] cloud-init[661]: ci-info: | enp0s3 |  True |        10.0.2.15         | 255.255.255.0 | global | 02:43:0e:00:05:fc |
[   23.449185] cloud-init[661]: ci-info: | enp0s3 |  True | fe80::43:eff:fe00:5fc/64 |       .       |  link  | 02:43:0e:00:05:fc |
[   23.450166] cloud-init[661]: ci-info: | enp0s8 | False |            .             |       .       |   .    | 08:00:27:6b:d1:db |
[   23.451149] cloud-init[661]: ci-info: |   lo   |  True |        127.0.0.1         |   255.0.0.0   |  host  |         .         |
[   23.452134] cloud-init[661]: ci-info: |   lo   |  True |         ::1/128          |       .       |  host  |         .         |
[   23.453135] cloud-init[661]: ci-info: +--------+-------+--------------------------+---------------+--------+-------------------+
[   23.454032] cloud-init[661]: ci-info: ++++++++++++++++++++++++++++Route IPv4 info+++++++++++++++++++++++++++++
[   23.454874] cloud-init[661]: ci-info: +-------+-------------+----------+-----------------+-----------+-------+
[   23.455750] cloud-init[661]: ci-info: | Route | Destination | Gateway  |     Genmask     | Interface | Flags |
[   23.456526] cloud-init[661]: ci-info: +-------+-------------+----------+-----------------+-----------+-------+
[   23.457279] cloud-init[661]: ci-info: |   0   |   0.0.0.0   | 10.0.2.2 |     0.0.0.0     |   enp0s3  |   UG  |
[   23.468260] cloud-init[661]: ci-info: |   1   |   10.0.2.0  | 0.0.0.0  |  255.255.255.0  |   enp0s3  |   U   |
[   23.469085] cloud-init[661]: ci-info: |   2   |   10.0.2.2  | 0.0.0.0  | 255.255.255.255 |   enp0s3  |   UH  |
[   23.469981] cloud-init[661]: ci-info: +-------+-------------+----------+-----------------+-----------+-------+
[   23.470818] cloud-init[661]: ci-info: +++++++++++++++++++Route IPv6 info+++++++++++++++++++
[   23.471526] cloud-init[661]: ci-info: +-------+-------------+---------+-----------+-------+
[   23.472198] cloud-init[661]: ci-info: | Route | Destination | Gateway | Interface | Flags |
[   23.472777] cloud-init[661]: ci-info: +-------+-------------+---------+-----------+-------+
[   23.484715] cloud-init[661]: ci-info: |   1   |  fe80::/64  |    ::   |   enp0s3  |   U   |
[   23.485377] cloud-init[661]: ci-info: |   3   |    local    |    ::   |   enp0s3  |   U   |
[   23.486108] cloud-init[661]: ci-info: |   4   |   ff00::/8  |    ::   |   enp0s3  |   U   |
[   23.486753] cloud-init[661]: ci-info: +-------+-------------+---------+-----------+-------+
[   25.701127] cloud-init[661]: Generating public/private rsa key pair.
[   25.715872] cloud-init[661]: Your identification has been saved in /etc/ssh/ssh_host_rsa_key.
[   25.728776] cloud-init[661]: Your public key has been saved in /etc/ssh/ssh_host_rsa_key.pub.
[   25.730100] cloud-init[661]: The key fingerprint is:
[   25.731264] cloud-init[661]: SHA256:PDrc3BD3v9Dze6Y+PXXErmqhNtbYjhQ2ypk1nebKnG4 root@ubuntu-bionic
[   25.733168] cloud-init[661]: The key's randomart image is:
[   25.734353] cloud-init[661]: +---[RSA 2048]----+
[   25.735235] cloud-init[661]: |                 |
[   25.736081] cloud-init[661]: |                 |
[   25.736884] cloud-init[661]: |        . .    . |
[   25.737736] cloud-init[661]: |       . o o .  o|
[   25.738544] cloud-init[661]: |        S * =  o |
[   25.739102] cloud-init[661]: |     . = X *.o  +|
[   25.739894] cloud-init[661]: |      + B o=o.+oo|
[   25.740674] cloud-init[661]: |       . +E++.o=+|
[   25.741508] cloud-init[661]: |         =B+oo+==|
[   25.742320] cloud-init[661]: +----[SHA256]-----+
[   25.743137] cloud-init[661]: Generating public/private dsa key pair.
[   25.743978] cloud-init[661]: Your identification has been saved in /etc/ssh/ssh_host_dsa_key.
[   25.745100] cloud-init[661]: Your public key has been saved in /etc/ssh/ssh_host_dsa_key.pub.
[   25.746204] cloud-init[661]: The key fingerprint is:
[   25.746750] cloud-init[661]: SHA256:29Dj46EZAZ/pAy4M4sH8kE+f6qLATdtPvvvJBqIwjQ4 root@ubuntu-bionic
[   25.747777] cloud-init[661]: The key's randomart image is:
[   25.748519] cloud-init[661]: +---[DSA 1024]----+
[   25.750659] cloud-init[661]: |                 |
[   25.751406] cloud-init[661]: |                 |
[   25.752083] cloud-init[661]: |      .          |
[   25.762679] cloud-init[661]: |o .    o +       |
[   25.763093] cloud-init[661]: |.*+o  . S o      |
[   25.763588] cloud-init[661]: |E=O++o.+ * .     |
[   25.764028] cloud-init[661]: |+oo=++o.* =      |
[   25.764530] cloud-init[661]: |.o ...+ .B.o     |
[   25.764944] cloud-init[661]: |o oo   =B+.      |
[   25.765310] cloud-init[661]: +----[SHA256]-----+
[   25.765775] cloud-init[661]: Generating public/private ecdsa key pair.
[   25.766399] cloud-init[661]: Your identification has been saved in /etc/ssh/ssh_host_ecdsa_key.
[   25.767288] cloud-init[661]: Your public key has been saved in /etc/ssh/ssh_host_ecdsa_key.pub.
[   25.768146] cloud-init[661]: The key fingerprint is:
[   25.768662] cloud-init[661]: SHA256:LrSpoLMOJZnmEzmunSwfO0cfuWsZl9wchdp2+5AjEu0 root@ubuntu-bionic
[   25.769437] cloud-init[661]: The key's randomart image is:
[   25.769995] cloud-init[661]: +---[ECDSA 256]---+
[   25.770422] cloud-init[661]: |           .     |
[   25.788010] cloud-init[661]: |          . .    |
[   25.788410] cloud-init[661]: |         + .     |
[   25.788793] cloud-init[661]: | o.     o = .    |
[   25.789186] cloud-init[661]: |+=.   .oSB o o   |
[   25.789513] cloud-init[661]: |+oo ..++= E =    |
[   25.789893] cloud-init[661]: |.+o. .+*.. . +   |
[   25.790299] cloud-init[661]: |=+o=..=.      .  |
[   25.790727] cloud-init[661]: |=**o....         |
[   25.791045] cloud-init[661]: +----[SHA256]-----+
[   25.791369] cloud-init[661]: Generating public/private ed25519 key pair.
[   25.791829] cloud-init[661]: Your identification has been saved in /etc/ssh/ssh_host_ed25519_key.
[   25.792567] cloud-init[661]: Your public key has been saved in /etc/ssh/ssh_host_ed25519_key.pub.
[   25.793324] cloud-init[661]: The key fingerprint is:
[[0;32m  OK  [0m] Started Initial cloud-init job (metadata service crawler).
[[0;32m  OK  [0m] Reached target Network is Online.
[   25.810223] cloud-init[661]: SHA256:llptFXi2udgKxvOZRJYOAPzG93otqDmWkf0EUCdbZec root@ubuntu-bionic
[   25.812120] cloud-init[661]: The key's randomart image is:
[   25.812610] cloud-init[661]: +--[ED25519 256]--+
[   25.813006] cloud-init[661]: |   ... .o oo+ .  |
[   25.813399] cloud-init[661]: |    . o  =..o+   |
[   25.813894] cloud-init[661]: |     o o.  +.oE  |
[   25.814257] cloud-init[661]: |      + +o+.o    |
[   25.814675] cloud-init[661]: |     . =SBoo .   |
[   25.815088] cloud-init[661]: |      o+*.* o    |
[   25.815534] cloud-init[661]: |      .+ X =     |
[   25.815868] cloud-init[661]: |      +.o O .    |
[[0;32m  OK  [0m] Reached target Remote File Systems (Pre).
[[0;32m  OK  [0m] Reached target Remote File Systems.
         Starting Availability of block devices...
[[0;32m  OK  [0m] Reached target System Initialization.
[   25.816375] cloud-init[661]: |     .oo . .     |
[   25.819385] cloud-init[661]: +----[SHA256]-----+
         Starting LXD - unix socket.
[[0;32m  OK  [0m] Started Discard unused blocks once a week.
[[0;32m  OK  [0m] Started ACPI Events Check.
[[0;32m  OK  [0m] Started Daily Cleanup of Temporary Directories.
[[0;32m  OK  [0m] Reached target Paths.
[[0;32m  OK  [0m] Started Message of the Day.
[[0;32m  OK  [0m] Listening on Open-iSCSI iscsid Socket.
[[0;32m  OK  [0m] Started Daily apt download activities.
[[0;32m  OK  [0m] Started Daily apt upgrade and clean activities.
[[0;32m  OK  [0m] Listening on D-Bus System Message Bus Socket.
[[0;32m  OK  [0m] Listening on ACPID Listen Socket.
[[0;32m  OK  [0m] Listening on UUID daemon activation socket.
[[0;32m  OK  [0m] Reached target Timers.
         Starting Socket activation for snappy daemon.
[[0;32m  OK  [0m] Reached target Cloud-config availability.
[[0;32m  OK  [0m] Started Availability of block devices.
[[0;32m  OK  [0m] Listening on LXD - unix socket.
[[0;32m  OK  [0m] Listening on Socket activation for snappy daemon.
[[0;32m  OK  [0m] Reached target Sockets.
[[0;32m  OK  [0m] Reached target Basic System.
[[0;32m  OK  [0m] Started irqbalance daemon.
         Starting LSB: automatic crash report generation...
         Starting Dispatcher daemon for systemd-networkd...
         Starting Login Service...
[[0;32m  OK  [0m] Started FUSE filesystem for LXC.
         Starting Accounts Service...
[[0;32m  OK  [0m] Started Deferred execution scheduler.
         Starting LSB: Record successful boot for GRUB...
         Starting Pollinate to seed the pseudo random number generator...
         Starting LXD - container startup/shutdown...
         Starting Virtualbox guest utils...
         Starting System Logging Service...
[[0;32m  OK  [0m] Started D-Bus System Message Bus.
         Starting Permit User Sessions...
[[0;32m  OK  [0m] Started Regular background program processing daemon.
         Starting Snappy daemon...
[[0;32m  OK  [0m] Started System Logging Service.
[[0;32m  OK  [0m] Started Dispatcher daemon for systemd-networkd.
[[0;32m  OK  [0m] Started Permit User Sessions.
[[0;32m  OK  [0m] Started Login Service.
         Starting Authorization Manager...
[[0;32m  OK  [0m] Started Unattended Upgrades Shutdown.
         Starting Terminate Plymouth Boot Screen...
         Starting Hold until boot process finishes up...
[[0;32m  OK  [0m] Started Hold until boot process finishes up.
[[0;32m  OK  [0m] Started Serial Getty on ttyS0.
         Starting Set console scheme...
[[0;32m  OK  [0m] Started Terminate Plymouth Boot Screen.
[[0;32m  OK  [0m] Started Set console scheme.
[[0;32m  OK  [0m] Created slice system-getty.slice.
[[0;32m  OK  [0m] Started Getty on tty1.
[[0;32m  OK  [0m] Reached target Login Prompts.
[[0;32m  OK  [0m] Started LSB: automatic crash report generation.
[[0;32m  OK  [0m] Started LSB: Record successful boot for GRUB.
[[0;32m  OK  [0m] Started Virtualbox guest utils.
[[0;32m  OK  [0m] Started Authorization Manager.
[[0;32m  OK  [0m] Started Accounts Service.

Ubuntu 18.04.4 LTS ubuntu-bionic ttyS0

ubuntu-bionic login: [   50.262111] cloud-init[1711]: Cloud-init v. 19.4-33-gbb4131a2-0ubuntu1~18.04.1 running 'modules:config' at Tue, 26 May 2020 07:18:29 +0000. Up 46.36 seconds.
ci-info: no authorized SSH keys fingerprints found for user ubuntu.
<14>May 26 07:18:33 ec2: 
<14>May 26 07:18:33 ec2: #############################################################
<14>May 26 07:18:33 ec2: -----BEGIN SSH HOST KEY FINGERPRINTS-----
<14>May 26 07:18:33 ec2: 1024 SHA256:29Dj46EZAZ/pAy4M4sH8kE+f6qLATdtPvvvJBqIwjQ4 root@ubuntu-bionic (DSA)
<14>May 26 07:18:33 ec2: 256 SHA256:LrSpoLMOJZnmEzmunSwfO0cfuWsZl9wchdp2+5AjEu0 root@ubuntu-bionic (ECDSA)
<14>May 26 07:18:33 ec2: 256 SHA256:llptFXi2udgKxvOZRJYOAPzG93otqDmWkf0EUCdbZec root@ubuntu-bionic (ED25519)
<14>May 26 07:18:33 ec2: 2048 SHA256:PDrc3BD3v9Dze6Y+PXXErmqhNtbYjhQ2ypk1nebKnG4 root@ubuntu-bionic (RSA)
<14>May 26 07:18:33 ec2: -----END SSH HOST KEY FINGERPRINTS-----
<14>May 26 07:18:33 ec2: #############################################################
-----BEGIN SSH HOST KEY KEYS-----
ecdsa-sha2-nistp256 AAAAE2VjZHNhLXNoYTItbmlzdHAyNTYAAAAIbmlzdHAyNTYAAABBBM3FAKBVNQg0PUGpTU3OsXsZQ60XkG8/oJ2p0HUfKfZcH7xLW6W6A0Rf0xEf0Xp8f+VUpI9ZL/2apWB/FePRGuo= root@ubuntu-bionic
ssh-ed25519 AAAAC3NzaC1lZDI1NTE5AAAAIFlXXjTKqAA2ZrsGsGgW/mOm3f7xE/b0Q3Fdo/SBzwED root@ubuntu-bionic
ssh-rsa AAAAB3NzaC1yc2EAAAADAQABAAABAQDd+cBOF+u7DA74OkCdvmwiNURWphkLOa8aXI6phOOlF4TZMn15BbH9iZ5sEvx10sbspnj79z2Nr6sJyYH0DqW2UaQxhZXVYpOY+U7VQrKlPup8+Az9q26IfZFpYevGaXU2/zH4+xEiqmhIj2GoGsMAgKHo/fiYXbO3eOt9ccO0QdGiBGtNDrOlDg1mesTEGmMq0QlHw3DktKEuj5RJDCoGfpIoe+uCkc7AhKm6tD0Nu9rcji4jS8Yz4GhkkYSGJWHJhnZGpqLDRo8AWxfVWPQNvI7PVlzCG+6FrZN0Sat/J2hMywCGJBBCOpc56JY3cZnBla+pyNdsTpS6ZLjJV55P root@ubuntu-bionic
-----END SSH HOST KEY KEYS-----
[   51.129875] cloud-init[1987]: Cloud-init v. 19.4-33-gbb4131a2-0ubuntu1~18.04.1 running 'modules:final' at Tue, 26 May 2020 07:18:33 +0000. Up 50.64 seconds.
[   51.130316] cloud-init[1987]: ci-info: no authorized SSH keys fingerprints found for user ubuntu.
[   51.130366] cloud-init[1987]: Cloud-init v. 19.4-33-gbb4131a2-0ubuntu1~18.04.1 finished at Tue, 26 May 2020 07:18:33 +0000. Datasource DataSourceNoCloud [seed=/dev/sdb][dsmode=net].  Up 51.12 seconds
[70477.597908] Out of memory: Kill process 16713 (redis-server) score 281 or sacrifice child
[70477.598984] Killed process 16713 (redis-server) total-vm:186832kB, anon-rss:138052kB, file-rss:0kB, shmem-rss:0kB
[97322.496673] Out of memory: Kill process 22899 (redis-server) score 279 or sacrifice child
[97322.526155] Killed process 22899 (redis-server) total-vm:186832kB, anon-rss:137364kB, file-rss:0kB, shmem-rss:0kB
[97333.713362] Out of memory: Kill process 21271 (gsad) score 411 or sacrifice child
[97333.714324] Killed process 21271 (gsad) total-vm:1347684kB, anon-rss:207148kB, file-rss:0kB, shmem-rss:0kB
         Stopping Session 5 of user vagrant.
         Stopping Availability of block devices...
[[0;32m  OK  [0m] Stopped target Cloud-init target.
[[0;32m  OK  [0m] Stopped target Host and Network Name Lookups.
[[0;32m  OK  [0m] Stopped Execute cloud user/final scripts.
[[0;32m  OK  [0m] Stopped target Timers.
[[0;32m  OK  [0m] Stopped Discard unused blocks once a week.
[[0;32m  OK  [0m] Stopped Message of the Day.
[[0;32m  OK  [0m] Closed Load/Save RF Kill Switch Status /dev/rfkill Watch.
         Stopping User Manager for UID 1000...
[[0;32m  OK  [0m] Stopped Daily Cleanup of Temporary Directories.
         Stopping Authorization Manager...
[[0;32m  OK  [0m] Stopped Apply the settings specified in cloud-config.
[[0;32m  OK  [0m] Stopped target Cloud-config availability.
[[0;32m  OK  [0m] Stopped Daily apt upgrade and clean activities.
[[0;32m  OK  [0m] Stopped Daily apt download activities.
[[0;32m  OK  [0m] Stopped target System Time Synchronized.
[[0;32m  OK  [0m] Stopped target Graphical Interface.
         Stopping Accounts Service...
[[0;32m  OK  [0m] Stopped target Multi-User System.
         Stopping Virtualbox guest utils...
         Stopping D-Bus System Message Bus...
         Stopping LSB: remote network security auditor - scanner...
         Stopping Regular background program processing daemon...
         Stopping LSB: automatic crash report generation...
         Stopping Deferred execution scheduler...
         Stopping OpenBSD Secure Shell server...
         Stopping FUSE filesystem for LXC...
         Stopping Dispatcher daemon for systemd-networkd...
         Stopping LSB: remote network security auditor - gsa...
[[0;32m  OK  [0m] Stopped target Login Prompts.
         Stopping Getty on tty1...
         Stopping Serial Getty on ttyS0...
         Stopping irqbalance daemon...
         Stopping System Logging Service...
         Stopping Advanced key-value store...
         Stopping LSB: remote network security auditor - manager...
         Stopping LXD - container startup/shutdown...
         Stopping LSB: Record successful boot for GRUB...
         Stopping Unattended Upgrades Shutdown...
[[0;32m  OK  [0m] Stopped Wait until snapd is fully seeded.
[[0;32m  OK  [0m] Stopped Dispatcher daemon for systemd-networkd.
[[0;32m  OK  [0m] Stopped Regular background program processing daemon.
[[0;32m  OK  [0m] Stopped Serial Getty on ttyS0.
[[0;32m  OK  [0m] Stopped Deferred execution scheduler.
[[0;32m  OK  [0m] Stopped Authorization Manager.
[[0;32m  OK  [0m] Stopped Getty on tty1.
[[0;32m  OK  [0m] Stopped D-Bus System Message Bus.
[[0;32m  OK  [0m] Removed slice system-getty.slice.
[[0;32m  OK  [0m] Removed slice system-serial\x2dgetty.slice.
[[0;32m  OK  [0m] Stopped Unattended Upgrades Shutdown.
[[0;32m  OK  [0m] Stopped irqbalance daemon.
[[0;32m  OK  [0m] Stopped Accounts Service.
[[0;32m  OK  [0m] Stopped User Manager for UID 1000.
[[0;32m  OK  [0m] Stopped System Logging Service.
[[0;32m  OK  [0m] Unmounted /var/lib/lxcfs.
[[0;32m  OK  [0m] Stopped OpenBSD Secure Shell server.
[[0;32m  OK  [0m] Stopped Session 5 of user vagrant.
[[0;32m  OK  [0m] Stopped FUSE filesystem for LXC.
[[0;32m  OK  [0m] Stopped LXD - container startup/shutdown.
[[0;32m  OK  [0m] Stopped Availability of block devices.
[[0;32m  OK  [0m] Removed slice User Slice of vagrant.
         Stopping Login Service...
         Stopping Permit User Sessions...
[[0;32m  OK  [0m] Stopped Permit User Sessions.
[[0;32m  OK  [0m] Stopped Login Service.
[[0;32m  OK  [0m] Stopped target User and Group Name Lookups.
[[0;32m  OK  [0m] Stopped LSB: Record successful boot for GRUB.
[[0;32m  OK  [0m] Stopped LSB: automatic crash report generation.
[[0;32m  OK  [0m] Stopped LSB: remote network security auditor - scanner.
[[0;32m  OK  [0m] Stopped LSB: remote network security auditor - gsa.
[[0;32m  OK  [0m] Stopped Virtualbox guest utils.
[[0;32m  OK  [0m] Stopped LSB: remote network security auditor - manager.
[[0;32m  OK  [0m] Stopped target Network is Online.
[[0;32m  OK  [0m] Stopped target Remote File Systems.
[[0;32m  OK  [0m] Stopped target Remote File Systems (Pre).
[[0;32m  OK  [0m] Stopped Advanced key-value store.
[[0;32m  OK  [0m] Stopped target Basic System.
[[0;32m  OK  [0m] Stopped target Paths.
[[0;32m  OK  [0m] Stopped ACPI Events Check.
[[0;32m  OK  [0m] Stopped target Slices.
[[0;32m  OK  [0m] Removed slice User and Session Slice.
[[0;32m  OK  [0m] Stopped target Sockets.
[[0;32m  OK  [0m] Closed ACPID Listen Socket.
[[0;32m  OK  [0m] Closed UUID daemon activation socket.
[[0;32m  OK  [0m] Closed Socket activation for snappy daemon.
[[0;32m  OK  [0m] Closed Syslog Socket.
[[0;32m  OK  [0m] Closed LXD - unix socket.
[[0;32m  OK  [0m] Closed D-Bus System Message Bus Socket.
[[0;32m  OK  [0m] Closed Open-iSCSI iscsid Socket.
[[0;32m  OK  [0m] Stopped target System Initialization.
[[0;32m  OK  [0m] Stopped target Local Encrypted Volumes.
[[0;32m  OK  [0m] Stopped Forward Password Requests to Wall Directory Watch.
[[0;32m  OK  [0m] Stopped Dispatch Password Requests to Console Directory Watch.
         Stopping Update UTMP about System Boot/Shutdown...
         Stopping Load/Save Random Seed...
[[0;32m  OK  [0m] Stopped Initial cloud-init job (metadata service crawler).
[[0;32m  OK  [0m] Stopped Commit a transient machine-id on disk.
[[0;32m  OK  [0m] Stopped target Network.
         Stopping Network Name Resolution...
[[0;32m  OK  [0m] Stopped Update UTMP about System Boot/Shutdown.
[[0;32m  OK  [0m] Stopped Network Name Resolution.
         Stopping Network Service...
[[0;32m  OK  [0m] Stopped Create Volatile Files and Directories.
[[0;32m  OK  [0m] Stopped target Local File Systems.
         Unmounting /run/user/1000...
         Unmounting /vagrant...
         Unmounting /home/vagrant/data...
[[0;32m  OK  [0m] Stopped Load/Save Random Seed.
[[0;32m  OK  [0m] Unmounted /home/vagrant/data.
[[0;32m  OK  [0m] Unmounted /run/user/1000.
[[0;32m  OK  [0m] Stopped target Swap.
[[0;32m  OK  [0m] Unmounted /vagrant.
[[0;32m  OK  [0m] Reached target Unmount All Filesystems.
[[0;32m  OK  [0m] Stopped target Local File Systems (Pre).
[[0;32m  OK  [0m] Stopped Create Static Device Nodes in /dev.
         Stopping Monitoring of LVM2 mirrors…ng dmeventd or progress polling...
[[0;32m  OK  [0m] Stopped Network Service.
[[0;32m  OK  [0m] Stopped target Network (Pre).
[[0;32m  OK  [0m] Stopped Initial cloud-init job (pre-networking).
[[0;32m  OK  [0m] Stopped Remount Root and Kernel File Systems.
[[0;32m  OK  [0m] Stopped Apply Kernel Variables.
[[0;32m  OK  [0m] Stopped Load Kernel Modules.
[[0;32m  OK  [0m] Reached target Shutdown.
[[0;32m  OK  [0m] Reached target Final Step.
         Starting Reboot...
[[0;32m  OK  [0m] Stopped Monitoring of LVM2 mirrors,…sing dmeventd or progress polling.
         Stopping LVM2 metadata daemon...
[[0;32m  OK  [0m] Stopped LVM2 metadata daemon.
[99308.961973] reboot: Restarting system
[    0.000000] Linux version 4.15.0-96-generic (buildd@lgw01-amd64-004) (gcc version 7.5.0 (Ubuntu 7.5.0-3ubuntu1~18.04)) #97-Ubuntu SMP Wed Apr 1 03:25:46 UTC 2020 (Ubuntu 4.15.0-96.97-generic 4.15.18)
[    0.000000] Command line: BOOT_IMAGE=/boot/vmlinuz-4.15.0-96-generic root=LABEL=cloudimg-rootfs ro console=tty1 console=ttyS0
[    0.000000] KERNEL supported cpus:
[    0.000000]   Intel GenuineIntel
[    0.000000]   AMD AuthenticAMD
[    0.000000]   Centaur CentaurHauls
[    0.000000] x86/fpu: Supporting XSAVE feature 0x001: 'x87 floating point registers'
[    0.000000] x86/fpu: Supporting XSAVE feature 0x002: 'SSE registers'
[    0.000000] x86/fpu: Supporting XSAVE feature 0x004: 'AVX registers'
[    0.000000] x86/fpu: xstate_offset[2]:  576, xstate_sizes[2]:  256
[    0.000000] x86/fpu: Enabled xstate features 0x7, context size is 832 bytes, using 'standard' format.
[    0.000000] e820: BIOS-provided physical RAM map:
[    0.000000] BIOS-e820: [mem 0x0000000000000000-0x000000000009fbff] usable
[    0.000000] BIOS-e820: [mem 0x000000000009fc00-0x000000000009ffff] reserved
[    0.000000] BIOS-e820: [mem 0x00000000000f0000-0x00000000000fffff] reserved
[    0.000000] BIOS-e820: [mem 0x0000000000100000-0x000000001ffeffff] usable
[    0.000000] BIOS-e820: [mem 0x000000001fff0000-0x000000001fffffff] ACPI data
[    0.000000] BIOS-e820: [mem 0x00000000fec00000-0x00000000fec00fff] reserved
[    0.000000] BIOS-e820: [mem 0x00000000fee00000-0x00000000fee00fff] reserved
[    0.000000] BIOS-e820: [mem 0x00000000fffc0000-0x00000000ffffffff] reserved
[    0.000000] NX (Execute Disable) protection: active
[    0.000000] SMBIOS 2.5 present.
[    0.000000] DMI: innotek GmbH VirtualBox/VirtualBox, BIOS VirtualBox 12/01/2006
[    0.000000] Hypervisor detected: KVM
[    0.000000] e820: last_pfn = 0x1fff0 max_arch_pfn = 0x400000000
[    0.000000] MTRR: Disabled
[    0.000000] x86/PAT: MTRRs disabled, skipping PAT initialization too.
[    0.000000] CPU MTRRs all blank - virtualized system.
[    0.000000] x86/PAT: Configuration [0-7]: WB  WT  UC- UC  WB  WT  UC- UC  
[    0.000000] found SMP MP-table at [mem 0x0009fff0-0x0009ffff]
[    0.000000] Scanning 1 areas for low memory corruption
[    0.000000] RAMDISK: [mem 0x1dbb1000-0x1eef6fff]
[    0.000000] ACPI: Early table checksum verification disabled
[    0.000000] ACPI: RSDP 0x00000000000E0000 000024 (v02 VBOX  )
[    0.000000] ACPI: XSDT 0x000000001FFF0030 00003C (v01 VBOX   VBOXXSDT 00000001 ASL  00000061)
[    0.000000] ACPI: FACP 0x000000001FFF00F0 0000F4 (v04 VBOX   VBOXFACP 00000001 ASL  00000061)
[    0.000000] ACPI: DSDT 0x000000001FFF0470 002325 (v02 VBOX   VBOXBIOS 00000002 INTL 20180105)
[    0.000000] ACPI: FACS 0x000000001FFF0200 000040
[    0.000000] ACPI: FACS 0x000000001FFF0200 000040
[    0.000000] ACPI: APIC 0x000000001FFF0240 00005C (v02 VBOX   VBOXAPIC 00000001 ASL  00000061)
[    0.000000] ACPI: SSDT 0x000000001FFF02A0 0001CC (v01 VBOX   VBOXCPUT 00000002 INTL 20180105)
[    0.000000] No NUMA configuration found
[    0.000000] Faking a node at [mem 0x0000000000000000-0x000000001ffeffff]
[    0.000000] NODE_DATA(0) allocated [mem 0x1ffc5000-0x1ffeffff]
[    0.000000] kvm-clock: cpu 0, msr 0:1ff44001, primary cpu clock
[    0.000000] kvm-clock: Using msrs 4b564d01 and 4b564d00
[    0.000000] kvm-clock: using sched offset of 99319281768484 cycles
[    0.000000] clocksource: kvm-clock: mask: 0xffffffffffffffff max_cycles: 0x1cd42e4dffb, max_idle_ns: 881590591483 ns
[    0.000000] Zone ranges:
[    0.000000]   DMA      [mem 0x0000000000001000-0x0000000000ffffff]
[    0.000000]   DMA32    [mem 0x0000000001000000-0x000000001ffeffff]
[    0.000000]   Normal   empty
[    0.000000]   Device   empty
[    0.000000] Movable zone start for each node
[    0.000000] Early memory node ranges
[    0.000000]   node   0: [mem 0x0000000000001000-0x000000000009efff]
[    0.000000]   node   0: [mem 0x0000000000100000-0x000000001ffeffff]
[    0.000000] Reserved but unavailable: 98 pages
[    0.000000] Initmem setup node 0 [mem 0x0000000000001000-0x000000001ffeffff]
[    0.000000] ACPI: PM-Timer IO Port: 0x4008
[    0.000000] IOAPIC[0]: apic_id 2, version 32, address 0xfec00000, GSI 0-23
[    0.000000] ACPI: INT_SRC_OVR (bus 0 bus_irq 0 global_irq 2 dfl dfl)
[    0.000000] ACPI: INT_SRC_OVR (bus 0 bus_irq 9 global_irq 9 low level)
[    0.000000] Using ACPI (MADT) for SMP configuration information
[    0.000000] smpboot: Allowing 2 CPUs, 0 hotplug CPUs
[    0.000000] PM: Registered nosave memory: [mem 0x00000000-0x00000fff]
[    0.000000] PM: Registered nosave memory: [mem 0x0009f000-0x0009ffff]
[    0.000000] PM: Registered nosave memory: [mem 0x000a0000-0x000effff]
[    0.000000] PM: Registered nosave memory: [mem 0x000f0000-0x000fffff]
[    0.000000] e820: [mem 0x20000000-0xfebfffff] available for PCI devices
[    0.000000] Booting paravirtualized kernel on KVM
[    0.000000] clocksource: refined-jiffies: mask: 0xffffffff max_cycles: 0xffffffff, max_idle_ns: 7645519600211568 ns
[    0.000000] random: get_random_bytes called from start_kernel+0x99/0x4fd with crng_init=0
[    0.000000] setup_percpu: NR_CPUS:8192 nr_cpumask_bits:2 nr_cpu_ids:2 nr_node_ids:1
[    0.000000] percpu: Embedded 45 pages/cpu s147456 r8192 d28672 u1048576
[    0.000000] PV qspinlock hash table entries: 256 (order: 0, 4096 bytes)
[    0.000000] Built 1 zonelists, mobility grouping on.  Total pages: 128889
[    0.000000] Policy zone: DMA32
[    0.000000] Kernel command line: BOOT_IMAGE=/boot/vmlinuz-4.15.0-96-generic root=LABEL=cloudimg-rootfs ro console=tty1 console=ttyS0
[    0.000000] Memory: 466436K/523832K available (12300K kernel code, 2481K rwdata, 4264K rodata, 2432K init, 2712K bss, 57396K reserved, 0K cma-reserved)
[    0.000000] SLUB: HWalign=64, Order=0-3, MinObjects=0, CPUs=2, Nodes=1
[    0.000000] Kernel/User page tables isolation: enabled
[    0.000000] ftrace: allocating 39351 entries in 154 pages
[    0.004000] Hierarchical RCU implementation.
[    0.004000] 	RCU restricting CPUs from NR_CPUS=8192 to nr_cpu_ids=2.
[    0.004000] 	Tasks RCU enabled.
[    0.004000] RCU: Adjusting geometry for rcu_fanout_leaf=16, nr_cpu_ids=2
[    0.004000] NR_IRQS: 524544, nr_irqs: 440, preallocated irqs: 16
[    0.004000] Console: colour VGA+ 80x25
[    0.004000] console [tty1] enabled
[    0.004000] console [ttyS0] enabled
[    0.004000] ACPI: Core revision 20170831
[    0.004000] ACPI: 2 ACPI AML tables successfully acquired and loaded
[    0.004000] APIC: Switch to symmetric I/O mode setup
[    0.004000] x2apic enabled
[    0.004000] Switched APIC routing to physical x2apic.
[    0.004000] ..TIMER: vector=0x30 apic1=0 pin1=2 apic2=-1 pin2=-1
[    0.004000] tsc: Detected 3599.998 MHz processor
[    0.004009] Calibrating delay loop (skipped) preset value.. 7199.99 BogoMIPS (lpj=14399992)
[    0.005030] pid_max: default: 32768 minimum: 301
[    0.005680] Security Framework initialized
[    0.006200] Yama: becoming mindful.
[    0.006691] AppArmor: AppArmor initialized
[    0.007288] Dentry cache hash table entries: 65536 (order: 7, 524288 bytes)
[    0.008028] Inode-cache hash table entries: 32768 (order: 6, 262144 bytes)
[    0.008830] Mount-cache hash table entries: 1024 (order: 1, 8192 bytes)
[    0.009616] Mountpoint-cache hash table entries: 1024 (order: 1, 8192 bytes)
[    0.010686] Last level iTLB entries: 4KB 128, 2MB 8, 4MB 8
[    0.011384] Last level dTLB entries: 4KB 64, 2MB 0, 4MB 0, 1GB 4
[    0.012001] Spectre V1 : Mitigation: usercopy/swapgs barriers and __user pointer sanitization
[    0.013039] Spectre V2 : Mitigation: Full generic retpoline
[    0.013782] Spectre V2 : Spectre v2 / SpectreRSB mitigation: Filling RSB on context switch
[    0.015065] Speculative Store Bypass: Vulnerable
[    0.016051] MDS: Mitigation: Clear CPU buffers
[    0.016813] Freeing SMP alternatives memory: 36K
[    0.127342] smpboot: CPU0: Intel(R) Core(TM) i3-8100 CPU @ 3.60GHz (family: 0x6, model: 0x9e, stepping: 0xb)
[    0.128000] Performance Events: unsupported p6 CPU model 158 no PMU driver, software events only.
[    0.128000] Hierarchical SRCU implementation.
[    0.128000] NMI watchdog: Perf event create on CPU 0 failed with -2
[    0.128001] NMI watchdog: Perf NMI watchdog permanently disabled
[    0.128782] smp: Bringing up secondary CPUs ...
[    0.129393] x86: Booting SMP configuration:
[    0.129947] .... node  #0, CPUs:      #1
[    0.004000] kvm-clock: cpu 1, msr 0:1ff44041, secondary cpu clock
[    0.132017] smp: Brought up 1 node, 2 CPUs
[    0.132563] smpboot: Max logical packages: 1
[    0.133119] smpboot: Total of 2 processors activated (14399.99 BogoMIPS)
[    0.134016] devtmpfs: initialized
[    0.136046] x86/mm: Memory block size: 128MB
[    0.136702] evm: security.selinux
[    0.137159] evm: security.SMACK64
[    0.137625] evm: security.SMACK64EXEC
[    0.138119] evm: security.SMACK64TRANSMUTE
[    0.138658] evm: security.SMACK64MMAP
[    0.139156] evm: security.apparmor
[    0.139623] evm: security.ima
[    0.140002] evm: security.capability
[    0.140515] clocksource: jiffies: mask: 0xffffffff max_cycles: 0xffffffff, max_idle_ns: 7645041785100000 ns
[    0.141183] futex hash table entries: 512 (order: 3, 32768 bytes)
[    0.141965] pinctrl core: initialized pinctrl subsystem
[    0.142701] RTC time: 10:52:56, date: 05/27/20
[    0.144130] NET: Registered protocol family 16
[    0.144808] audit: initializing netlink subsys (disabled)
[    0.145471] audit: type=2000 audit(1590676097.612:1): state=initialized audit_enabled=0 res=1
[    0.145471] cpuidle: using governor ladder
[    0.145471] cpuidle: using governor menu
[    0.145471] ACPI: bus type PCI registered
[    0.148006] acpiphp: ACPI Hot Plug PCI Controller Driver version: 0.5
[    0.149717] PCI: Using configuration type 1 for base access
[    0.152039] HugeTLB registered 2.00 MiB page size, pre-allocated 0 pages
[    0.152819] ACPI: Added _OSI(Module Device)
[    0.152819] ACPI: Added _OSI(Processor Device)
[    0.153190] ACPI: Added _OSI(3.0 _SCP Extensions)
[    0.153796] ACPI: Added _OSI(Processor Aggregator Device)
[    0.156002] ACPI: Added _OSI(Linux-Dell-Video)
[    0.156588] ACPI: Added _OSI(Linux-Lenovo-NV-HDMI-Audio)
[    0.157291] ACPI: Added _OSI(Linux-HPI-Hybrid-Graphics)
[    0.158150] ACPI: Executed 1 blocks of module-level executable AML code
[    0.162029] ACPI: Interpreter enabled
[    0.162541] ACPI: (supports S0 S5)
[    0.162991] ACPI: Using IOAPIC for interrupt routing
[    0.163789] PCI: Using host bridge windows from ACPI; if necessary, use "pci=nocrs" and report a bug
[    0.164125] ACPI: Enabled 2 GPEs in block 00 to 07
[    0.170200] ACPI: PCI Root Bridge [PCI0] (domain 0000 [bus 00-ff])
[    0.170959] acpi PNP0A03:00: _OSC: OS supports [ASPM ClockPM Segments MSI]
[    0.172127] acpi PNP0A03:00: _OSC: not requesting OS control; OS requires [ExtendedConfig ASPM ClockPM MSI]
[    0.173307] acpi PNP0A03:00: fail to add MMCONFIG information, can't access extended PCI configuration space under this bridge.
[    0.174928] PCI host bridge to bus 0000:00
[    0.175477] pci_bus 0000:00: root bus resource [io  0x0000-0x0cf7 window]
[    0.176002] pci_bus 0000:00: root bus resource [io  0x0d00-0xffff window]
[    0.176818] pci_bus 0000:00: root bus resource [mem 0x000a0000-0x000bffff window]
[    0.177734] pci_bus 0000:00: root bus resource [mem 0x20000000-0xfdffffff window]
[    0.178664] pci_bus 0000:00: root bus resource [bus 00-ff]
[    0.180943] pci 0000:00:01.1: legacy IDE quirk: reg 0x10: [io  0x01f0-0x01f7]
[    0.181815] pci 0000:00:01.1: legacy IDE quirk: reg 0x14: [io  0x03f6]
[    0.182600] pci 0000:00:01.1: legacy IDE quirk: reg 0x18: [io  0x0170-0x0177]
[    0.183453] pci 0000:00:01.1: legacy IDE quirk: reg 0x1c: [io  0x0376]
[    0.192170] pci 0000:00:07.0: quirk: [io  0x4000-0x403f] claimed by PIIX4 ACPI
[    0.193099] pci 0000:00:07.0: quirk: [io  0x4100-0x410f] claimed by PIIX4 SMB
[    0.199350] ACPI: PCI Interrupt Link [LNKA] (IRQs 5 9 10 *11)
[    0.200235] ACPI: PCI Interrupt Link [LNKB] (IRQs 5 9 *10 11)
[    0.200992] ACPI: PCI Interrupt Link [LNKC] (IRQs 5 *9 10 11)
[    0.201800] ACPI: PCI Interrupt Link [LNKD] (IRQs 5 9 10 *11)
[    0.204124] SCSI subsystem initialized
[    0.204678] pci 0000:00:02.0: vgaarb: setting as boot VGA device
[    0.204775] pci 0000:00:02.0: vgaarb: VGA device added: decodes=io+mem,owns=io+mem,locks=none
[    0.205811] pci 0000:00:02.0: vgaarb: bridge control possible
[    0.206562] vgaarb: loaded
[    0.207056] ACPI: bus type USB registered
[    0.208035] usbcore: registered new interface driver usbfs
[    0.208694] usbcore: registered new interface driver hub
[    0.209377] usbcore: registered new device driver usb
[    0.210071] EDAC MC: Ver: 3.0.0
[    0.210071] PCI: Using ACPI for IRQ routing
[    0.210071] NetLabel: Initializing
[    0.212006] NetLabel:  domain hash size = 128
[    0.212556] NetLabel:  protocols = UNLABELED CIPSOv4 CALIPSO
[    0.213258] NetLabel:  unlabeled traffic allowed by default
[    0.213961] clocksource: Switched to clocksource kvm-clock
[    0.220047] VFS: Disk quotas dquot_6.6.0
[    0.220928] VFS: Dquot-cache hash table entries: 512 (order 0, 4096 bytes)
[    0.221836] AppArmor: AppArmor Filesystem Enabled
[    0.222468] pnp: PnP ACPI init
[    0.223635] pnp: PnP ACPI: found 3 devices
[    0.233652] clocksource: acpi_pm: mask: 0xffffff max_cycles: 0xffffff, max_idle_ns: 2085701024 ns
[    0.234792] NET: Registered protocol family 2
[    0.235482] TCP established hash table entries: 4096 (order: 3, 32768 bytes)
[    0.236378] TCP bind hash table entries: 4096 (order: 4, 65536 bytes)
[    0.237180] TCP: Hash tables configured (established 4096 bind 4096)
[    0.237977] UDP hash table entries: 256 (order: 1, 8192 bytes)
[    0.238705] UDP-Lite hash table entries: 256 (order: 1, 8192 bytes)
[    0.239487] NET: Registered protocol family 1
[    0.240066] pci 0000:00:00.0: Limiting direct PCI/PCI transfers
[    0.240811] pci 0000:00:01.0: Activating ISA DMA hang workarounds
[    0.241642] pci 0000:00:02.0: Video device with shadowed ROM at [mem 0x000c0000-0x000dffff]
[    0.242768] Unpacking initramfs...
[    0.476586] Freeing initrd memory: 19736K
[    0.477235] clocksource: tsc: mask: 0xffffffffffffffff max_cycles: 0x33e451ab1a6, max_idle_ns: 440795278720 ns
[    0.478465] platform rtc_cmos: registered platform RTC device (no PNP device found)
[    0.479457] Scanning for low memory corruption every 60 seconds
[    0.480695] Initialise system trusted keyrings
[    0.481292] Key type blacklist registered
[    0.481873] workingset: timestamp_bits=36 max_order=17 bucket_order=0
[    0.483408] zbud: loaded
[    0.484206] squashfs: version 4.0 (2009/01/31) Phillip Lougher
[    0.485067] fuse init (API version 7.26)
[    0.488912] Key type asymmetric registered
[    0.489470] Asymmetric key parser 'x509' registered
[    0.490123] Block layer SCSI generic (bsg) driver version 0.4 loaded (major 246)
[    0.491154] io scheduler noop registered
[    0.491695] io scheduler deadline registered
[    0.492326] io scheduler cfq registered (default)
[    0.493126] ACPI: AC Adapter [AC] (on-line)
[    0.493722] input: Power Button as /devices/LNXSYSTM:00/LNXPWRBN:00/input/input0
[    0.494684] ACPI: Power Button [PWRF]
[    0.495232] input: Sleep Button as /devices/LNXSYSTM:00/LNXSLPBN:00/input/input1
[    0.496217] ACPI: Sleep Button [SLPF]
[    0.496929] Serial: 8250/16550 driver, 32 ports, IRQ sharing enabled
[    0.518209] 00:02: ttyS0 at I/O 0x3f8 (irq = 4, base_baud = 115200) is a 16550A
[    0.521160] Linux agpgart interface v0.103
[    0.523097] loop: module loaded
[    0.523940] scsi host0: ata_piix
[    0.524510] scsi host1: ata_piix
[    0.524993] ata1: PATA max UDMA/33 cmd 0x1f0 ctl 0x3f6 bmdma 0xd000 irq 14
[    0.525821] ata2: PATA max UDMA/33 cmd 0x170 ctl 0x376 bmdma 0xd008 irq 15
[    0.526853] libphy: Fixed MDIO Bus: probed
[    0.527408] tun: Universal TUN/TAP device driver, 1.6
[    0.528103] PPP generic driver version 2.4.2
[    0.528741] ehci_hcd: USB 2.0 'Enhanced' Host Controller (EHCI) Driver
[    0.529542] ehci-pci: EHCI PCI platform driver
[    0.530342] ehci-platform: EHCI generic platform driver
[    0.531735] ohci_hcd: USB 1.1 'Open' Host Controller (OHCI) Driver
[    0.532728] ohci-pci: OHCI PCI platform driver
[    0.534709] ohci-platform: OHCI generic platform driver
[    0.535334] uhci_hcd: USB Universal Host Controller Interface driver
[    0.536189] i8042: PNP: PS/2 Controller [PNP0303:PS2K,PNP0f03:PS2M] at 0x60,0x64 irq 1,12
[    0.537567] serio: i8042 KBD port at 0x60,0x64 irq 1
[    0.538230] serio: i8042 AUX port at 0x60,0x64 irq 12
[    0.538984] mousedev: PS/2 mouse device common for all mice
[    0.540176] input: AT Translated Set 2 keyboard as /devices/platform/i8042/serio0/input/input2
[    0.541436] rtc_cmos rtc_cmos: rtc core: registered rtc_cmos as rtc0
[    0.542317] rtc_cmos rtc_cmos: alarms up to one day, 114 bytes nvram
[    0.543141] i2c /dev entries driver
[    0.543689] device-mapper: uevent: version 1.0.3
[    0.544411] device-mapper: ioctl: 4.37.0-ioctl (2017-09-20) initialised: dm-devel@redhat.com
[    0.545499] ledtrig-cpu: registered to indicate activity on CPUs
[    0.546656] NET: Registered protocol family 10
[    0.549914] Segment Routing with IPv6
[    0.550644] NET: Registered protocol family 17
[    0.551270] Key type dns_resolver registered
[    0.551988] mce: Using 0 MCE banks
[    0.552494] RAS: Correctable Errors collector initialized.
[    0.553190] sched_clock: Marking stable (552480192, 0)->(652987801, -100507609)
[    0.554365] registered taskstats version 1
[    0.554892] Loading compiled-in X.509 certificates
[    0.557415] Loaded X.509 cert 'Build time autogenerated kernel key: 244b473b43e18b01f00e37a87f2ecd28620f0244'
[    0.558644] zswap: loaded using pool lzo/zbud
[    0.566052] Key type big_key registered
[    0.566920] Key type trusted registered
[    0.568903] Key type encrypted registered
[    0.569465] AppArmor: AppArmor sha1 policy hashing enabled
[    0.570091] ima: No TPM chip found, activating TPM-bypass! (rc=-19)
[    0.570836] ima: Allocated hash algorithm: sha1
[    0.571407] evm: HMAC attrs: 0x1
[    0.572018]   Magic number: 4:422:882
[    0.572585] rtc_cmos rtc_cmos: setting system clock to 2020-05-27 10:52:56 UTC (1590576776)
[    0.573653] BIOS EDD facility v0.16 2004-Jun-25, 0 devices found
[    0.574336] EDD information not available.
[    0.712732] Freeing unused kernel image memory: 2432K
[    0.724118] Write protecting the kernel read-only data: 20480k
[    0.725426] Freeing unused kernel image memory: 2008K
[    0.727291] Freeing unused kernel image memory: 1880K
[    0.733875] x86/mm: Checked W+X mappings: passed, no W+X pages found.
[    0.735012] x86/mm: Checking user space page tables
[    0.741006] x86/mm: Checked W+X mappings: passed, no W+X pages found.
Loading, please wait...
starting version 237
[    0.793892] e1000: Intel(R) PRO/1000 Network Driver - version 7.3.21-k8-NAPI
[    0.794781] e1000: Copyright (c) 1999-2006 Intel Corporation.
[    0.797756] Fusion MPT base driver 3.04.20
[    0.798333] Copyright (c) 1999-2008 LSI Corporation
[    0.801452] Fusion MPT SPI Host driver 3.04.20
[    0.817738] AVX2 version of gcm_enc/dec engaged.
[    0.818430] AES CTR mode by8 optimization enabled
[    1.005143] input: ImExPS/2 Generic Explorer Mouse as /devices/platform/i8042/serio1/input/input4
[    1.132661] e1000 0000:00:03.0 eth0: (PCI:33MHz:32-bit) 02:43:0e:00:05:fc
[    1.133648] e1000 0000:00:03.0 eth0: Intel(R) PRO/1000 Network Connection
[    1.135693] mptbase: ioc0: Initiating bringup
[    1.236443] ioc0: LSI53C1030 A0: Capabilities={Initiator}
[    1.483681] scsi host2: ioc0: LSI53C1030 A0, FwRev=00000000h, Ports=1, MaxQ=256, IRQ=20
[    1.665871] scsi 2:0:0:0: Direct-Access     VBOX     HARDDISK         1.0  PQ: 0 ANSI: 5
[    1.824160] scsi target2:0:0: Beginning Domain Validation
[    1.825839] scsi target2:0:0: Domain Validation skipping write tests
[    1.826682] scsi target2:0:0: Ending Domain Validation
[    1.827341] scsi target2:0:0: asynchronous
[    1.828114] scsi 2:0:1:0: Direct-Access     VBOX     HARDDISK         1.0  PQ: 0 ANSI: 5
[    2.027351] scsi target2:0:1: Beginning Domain Validation
[    2.030809] random: fast init done
[    2.031282] scsi target2:0:1: Domain Validation skipping write tests
[    2.032047] scsi target2:0:1: Ending Domain Validation
[    2.033252] scsi target2:0:1: asynchronous
[    2.036288] random: systemd-udevd: uninitialized urandom read (16 bytes read)
[    2.038364] random: systemd-udevd: uninitialized urandom read (16 bytes read)
[    2.039331] random: systemd-udevd: uninitialized urandom read (16 bytes read)
[    2.040032] e1000 0000:00:08.0 eth1: (PCI:33MHz:32-bit) 08:00:27:6b:d1:db
[    2.040472] sd 2:0:0:0: [sda] 20971520 512-byte logical blocks: (10.7 GB/10.0 GiB)
[    2.041060] e1000 0000:00:08.0 eth1: Intel(R) PRO/1000 Network Connection
[    2.042058] sd 2:0:0:0: [sda] Write Protect is off
[    2.043441] sd 2:0:0:0: [sda] Incomplete mode parameter data
[    2.044093] e1000 0000:00:08.0 enp0s8: renamed from eth1
[    2.044158] sd 2:0:0:0: [sda] Assuming drive cache: write through
[    2.045690] sd 2:0:0:0: Attached scsi generic sg0 type 0
[    2.046709] sd 2:0:1:0: Attached scsi generic sg1 type 0
[    2.047479] sd 2:0:1:0: [sdb] 20480 512-byte logical blocks: (10.5 MB/10.0 MiB)
[    2.048544] sd 2:0:1:0: [sdb] Write Protect is off
[    2.049297] sd 2:0:1:0: [sdb] Incomplete mode parameter data
[    2.050011] sd 2:0:1:0: [sdb] Assuming drive cache: write through
[    2.055091]  sda: sda1
[    2.055963] sd 2:0:0:0: [sda] Attached SCSI disk
[    2.071240] e1000 0000:00:03.0 enp0s3: renamed from eth0
[    2.071313] sd 2:0:1:0: [sdb] Attached SCSI disk
Begin: Loading essential drivers ... [    3.524249] raid6: sse2x1   gen() 12207 MB/s
[    3.582417] raid6: sse2x1   xor()  9016 MB/s
[    3.640027] raid6: sse2x2   gen() 19948 MB/s
[    3.700175] raid6: sse2x2   xor() 13372 MB/s
[    3.759845] raid6: sse2x4   gen() 22237 MB/s
[    3.812216] raid6: sse2x4   xor() 11586 MB/s
[    3.860872] raid6: avx2x1   gen() 24635 MB/s
[    3.908165] raid6: avx2x1   xor() 17332 MB/s
[    3.957789] raid6: avx2x2   gen() 29828 MB/s
[    4.007558] raid6: avx2x2   xor() 20884 MB/s
[    4.075692] raid6: avx2x4   gen() 41786 MB/s
[    4.124181] raid6: avx2x4   xor() 18469 MB/s
[    4.124791] raid6: using algorithm avx2x4 gen() 41786 MB/s
[    4.125478] raid6: .... xor() 18469 MB/s, rmw enabled
[    4.126120] raid6: using avx2x2 recovery algorithm
[    4.127810] xor: automatically using best checksumming function   avx       
[    4.129667] async_tx: api initialized (async)
done.
Begin: Running /scripts/init-premount ... done.
Begin: Mounting root file system ... Begin: Running /scripts/local-top ... done.
Begin: Running /scripts/local-premount ... [    4.172353] Btrfs loaded, crc32c=crc32c-intel
Scanning for Btrfs filesystems
done.
Warning: fsck not present, so skipping root file system
[    4.211117] EXT4-fs (sda1): mounted filesystem with ordered data mode. Opts: (null)
done.
Begin: Running /scripts/local-bottom ... done.
Begin: Running /scripts/init-bottom ... done.
[    5.014263] ip_tables: (C) 2000-2006 Netfilter Core Team
[    5.070030] systemd[1]: systemd 237 running in system mode. (+PAM +AUDIT +SELINUX +IMA +APPARMOR +SMACK +SYSVINIT +UTMP +LIBCRYPTSETUP +GCRYPT +GNUTLS +ACL +XZ +LZ4 +SECCOMP +BLKID +ELFUTILS +KMOD -IDN2 +IDN -PCRE2 default-hierarchy=hybrid)
[    5.081155] systemd[1]: Detected virtualization oracle.
[    5.088846] systemd[1]: Detected architecture x86-64.

Welcome to [1mUbuntu 18.04.4 LTS[0m!

[    5.109577] systemd[1]: Set hostname to <openvas>.
[    5.914286] random: crng init done
[    5.916369] random: 7 urandom warning(s) missed due to ratelimiting
[    6.279949] systemd[1]: Set up automount Arbitrary Executable File Formats File System Automount Point.
[[0;32m  OK  [0m] Set up automount Arbitrary Executab…rmats File System Automount Point.
[    6.289449] systemd[1]: Created slice User and Session Slice.
[[0;32m  OK  [0m] Created slice User and Session Slice.
[    6.293030] systemd[1]: Reached target Swap.
[[0;32m  OK  [0m] Reached target Swap.
[    6.295860] systemd[1]: Reached target System Time Synchronized.
[[0;32m  OK  [0m] Reached target System Time Synchronized.
[    6.495651] systemd[1]: Created slice System Slice.
[[0;32m  OK  [0m] Created slice System Slice.
[    6.501124] systemd[1]: Listening on Syslog Socket.
[[0;32m  OK  [0m] Listening on Syslog Socket.
[[0;32m  OK  [0m] Listening on LVM2 poll daemon socket.
[[0;32m  OK  [0m] Listening on Journal Audit Socket.
[[0;32m  OK  [0m] Listening on Network Service Netlink Socket.
[[0;32m  OK  [0m] Created slice system-serial\x2dgetty.slice.
[[0;32m  OK  [0m] Listening on Journal Socket.
         Starting Create list of required st…ce nodes for the current kernel...
         Starting Remount Root and Kernel File Systems...
         Mounting Huge Pages File System...
         Mounting POSIX Message Queue File System...
[[0;32m  OK  [0m] Listening on /dev/initctl Compatibility Named Pipe.
         Starting Set the console keyboard layout...
[[0;32m  OK  [0m] Listening on udev Kernel Socket.
[[0;32m  OK  [0m] Listening on udev Control Socket.
         Starting udev Coldplug all Devices...
[[0;32m  OK  [0m] Started Forward Password Requests to Wall Directory Watch.
[[0;32m  OK  [0m] Listening on Device-mapper event daemon FIFOs.
[[0;32m  OK  [0m] Listening on Journal Socket (/dev/log).
         Starting Journal Service...
         Mounting Kernel Debug File System...
         Starting Uncomplicated firewall...
[[0;32m  OK  [0m] Reached target Slices.
         Starting Load Kernel Modules...
[[0;32m  OK  [0m] Reached target User and Group Name Lookups.
[[0;32m  OK  [0m] Listening on LVM2 metadata daemon socket.
         Starting Monitoring of LVM2 mirrors…ng dmeventd or progress polling...
[[0;32m  OK  [0m] Started Create list of required sta…vice nodes for the current kernel.
         Starting Create Static Device Nodes in /dev...
[[0;32m  OK  [0m] Mounted Huge Pages File System.
[[0;32m  OK  [0m] Mounted POSIX Message Queue File System.
[[0;32m  OK  [0m] Mounted Kernel Debug File System.
[[0;32m  OK  [0m] Started Journal Service.
[[0;32m  OK  [0m] Started udev Coldplug all Devices.
[[0;32m  OK  [0m] Started Uncomplicated firewall.
[    6.819051] EXT4-fs (sda1): re-mounted. Opts: (null)
[[0;32m  OK  [0m] Started Remount Root and Kernel File Systems.
         Starting Flush Journal to Persistent Storage...
         Starting Load/Save Random Seed...
[[0;32m  OK  [0m] Started Create Static Device Nodes in /dev.
[    7.127534] systemd-journald[394]: Received request to flush runtime journal from PID 1
[[0;32m  OK  [0m] Started LVM2 metadata daemon.
         Starting udev Kernel Device Manager...
[    7.167536] Loading iSCSI transport class v2.0-870.
[[0;32m  OK  [0m] Started Load/Save Random Seed.
[    7.337827] iscsi: registered transport (tcp)
[[0;32m  OK  [0m] Started Monitoring of LVM2 mirrors,…sing dmeventd or progress polling.
[[0;32m  OK  [0m] Started Set the console keyboard layout.
[[0;32m  OK  [0m] Reached target Local File Systems (Pre).
[[0;32m  OK  [0m] Reached target Local File Systems.
         Starting ebtables ruleset management...
         Starting AppArmor initialization...
         Starting Tell Plymouth To Write Out Runtime Data...
         Starting Set console font and keymap...
[    7.434252] iscsi: registered transport (iser)
[[0;32m  OK  [0m] Started Load Kernel Modules.
         Starting Apply Kernel Variables...
         Mounting FUSE Control File System...
         Mounting Kernel Configuration File System...
[[0;32m  OK  [0m] Mounted FUSE Control File System.
[[0;32m  OK  [0m] Mounted Kernel Configuration File System.
